<?xml version="1.0" encoding="UTF-8"?>
<testng-results skipped="0" failed="0" ignored="0" total="1" passed="1">
  <reporter-output>
  </reporter-output>
  <suite name="Default suite" duration-ms="40324" started-at="2018-04-03T06:34:12Z" finished-at="2018-04-03T06:34:52Z">
    <groups>
    </groups>
    <test name="Default test" duration-ms="40324" started-at="2018-04-03T06:34:12Z" finished-at="2018-04-03T06:34:52Z">
      <class name="chaperone.pack.com.Quality_Audit">
        <test-method status="PASS" signature="setup()[pri:0, instance:chaperone.pack.com.Quality_Audit@7b69c6ba]" name="setup" is-config="true" duration-ms="14570" started-at="2018-04-03T06:34:12Z" finished-at="2018-04-03T06:34:26Z">
          <reporter-output>
          </reporter-output>
        </test-method> <!-- setup -->
        <test-method status="PASS" signature="login()[pri:0, instance:chaperone.pack.com.Quality_Audit@7b69c6ba]" name="login" duration-ms="25725" started-at="2018-04-03T06:34:26Z" finished-at="2018-04-03T06:34:52Z">
          <reporter-output>
          </reporter-output>
        </test-method> <!-- login -->
      </class> <!-- chaperone.pack.com.Quality_Audit -->
    </test> <!-- Default test -->
  </suite> <!-- Default suite -->
</testng-results>
